  pch.cpp
c:\users\82105\desktop\git\cipher-chat\client_dll\lea_source\include\config.h : warning C4819: 현재 코드 페이지(949)에서 표시할 수 없는 문자가 파일에 들어 있습니다. 데이터가 손실되지 않게 하려면 해당 파일을 유니코드 형식으로 저장하십시오.
  client.cpp
c:\users\82105\desktop\git\cipher-chat\client_dll\client_dll\client.cpp(35): warning C4267: '인수': 'size_t'에서 'unsigned int'(으)로 변환하면서 데이터가 손실될 수 있습니다.
c:\users\82105\desktop\git\cipher-chat\client_dll\client_dll\client.cpp(25): warning C4996: 'strcpy': This function or variable may be unsafe. Consider using strcpy_s instead. To disable deprecation, use _CRT_SECURE_NO_WARNINGS. See online help for details.
  c:\program files (x86)\windows kits\10\include\10.0.17763.0\ucrt\string.h(133): note: 'strcpy' 선언을 참조하십시오.
c:\users\82105\desktop\git\cipher-chat\client_dll\client_dll\client.cpp(37): warning C4996: 'strcpy': This function or variable may be unsafe. Consider using strcpy_s instead. To disable deprecation, use _CRT_SECURE_NO_WARNINGS. See online help for details.
  c:\program files (x86)\windows kits\10\include\10.0.17763.0\ucrt\string.h(133): note: 'strcpy' 선언을 참조하십시오.
c:\users\82105\desktop\git\cipher-chat\client_dll\client_dll\client.cpp(41): warning C4996: 'strcat': This function or variable may be unsafe. Consider using strcat_s instead. To disable deprecation, use _CRT_SECURE_NO_WARNINGS. See online help for details.
  c:\program files (x86)\windows kits\10\include\10.0.17763.0\ucrt\string.h(90): note: 'strcat' 선언을 참조하십시오.
c:\users\82105\desktop\git\cipher-chat\client_dll\client_dll\client.cpp(68): warning C4267: '인수': 'size_t'에서 'unsigned int'(으)로 변환하면서 데이터가 손실될 수 있습니다.
c:\users\82105\desktop\git\cipher-chat\client_dll\client_dll\client.cpp(61): warning C4996: 'strcpy': This function or variable may be unsafe. Consider using strcpy_s instead. To disable deprecation, use _CRT_SECURE_NO_WARNINGS. See online help for details.
  c:\program files (x86)\windows kits\10\include\10.0.17763.0\ucrt\string.h(133): note: 'strcpy' 선언을 참조하십시오.
c:\users\82105\desktop\git\cipher-chat\client_dll\client_dll\client.cpp(65): warning C4996: 'strcpy': This function or variable may be unsafe. Consider using strcpy_s instead. To disable deprecation, use _CRT_SECURE_NO_WARNINGS. See online help for details.
  c:\program files (x86)\windows kits\10\include\10.0.17763.0\ucrt\string.h(133): note: 'strcpy' 선언을 참조하십시오.
c:\users\82105\desktop\git\cipher-chat\client_dll\client_dll\client.cpp(70): warning C4996: 'strcpy': This function or variable may be unsafe. Consider using strcpy_s instead. To disable deprecation, use _CRT_SECURE_NO_WARNINGS. See online help for details.
  c:\program files (x86)\windows kits\10\include\10.0.17763.0\ucrt\string.h(133): note: 'strcpy' 선언을 참조하십시오.
c:\users\82105\desktop\git\cipher-chat\client_dll\client_dll\client.cpp(100): warning C4996: 'strcpy': This function or variable may be unsafe. Consider using strcpy_s instead. To disable deprecation, use _CRT_SECURE_NO_WARNINGS. See online help for details.
  c:\program files (x86)\windows kits\10\include\10.0.17763.0\ucrt\string.h(133): note: 'strcpy' 선언을 참조하십시오.
  dllmain.cpp
  코드를 생성하고 있습니다...
  libLEA.lib(lea_base.obj) : /GL로 컴파일한 MSIL .netmodule 또는 모듈이 있습니다. /LTCG를 지정하여 링크를 다시 시작하십시오. /LTCG를 링크 명령줄에 추가하면 링커 성능이 향상됩니다.
LINK : warning LNK4075: '/INCREMENTAL'이(가) '/LTCG' 사양으로 인해 무시됩니다.
     C:\Users\82105\Desktop\git\Cipher-Chat\client_dll\x64\Debug\client_dll.lib 라이브러리 및 C:\Users\82105\Desktop\git\Cipher-Chat\client_dll\x64\Debug\client_dll.exp 개체를 생성하고 있습니다.
LINK : warning LNK4098: 'LIBCMT' defaultlib가 다른 라이브러리와 충돌합니다. /NODEFAULTLIB:library를 사용하십시오.
  코드를 생성하고 있습니다.
  코드를 생성했습니다.
libLEA.lib(lea_base.obj) : warning LNK4099: 'vc120.pdb' PDB를 'libLEA.lib(lea_base.obj)' 또는 'C:\Users\82105\Desktop\git\Cipher-Chat\client_dll\x64\Debug\vc120.pdb'에서 찾을 수 없습니다. 디버그 정보가 없는 것처럼 개체를 링크합니다.
libLEA.lib(lea_t_fallback.obj) : warning LNK4099: 'vc120.pdb' PDB를 'libLEA.lib(lea_t_fallback.obj)' 또는 'C:\Users\82105\Desktop\git\Cipher-Chat\client_dll\x64\Debug\vc120.pdb'에서 찾을 수 없습니다. 디버그 정보가 없는 것처럼 개체를 링크합니다.
libLEA.lib(lea_t_avx2_sse2.obj) : warning LNK4099: 'vc120.pdb' PDB를 'libLEA.lib(lea_t_avx2_sse2.obj)' 또는 'C:\Users\82105\Desktop\git\Cipher-Chat\client_dll\x64\Debug\vc120.pdb'에서 찾을 수 없습니다. 디버그 정보가 없는 것처럼 개체를 링크합니다.
libLEA.lib(lea_t_generic.obj) : warning LNK4099: 'vc120.pdb' PDB를 'libLEA.lib(lea_t_generic.obj)' 또는 'C:\Users\82105\Desktop\git\Cipher-Chat\client_dll\x64\Debug\vc120.pdb'에서 찾을 수 없습니다. 디버그 정보가 없는 것처럼 개체를 링크합니다.
libLEA.lib(lea_t_sse2.obj) : warning LNK4099: 'vc120.pdb' PDB를 'libLEA.lib(lea_t_sse2.obj)' 또는 'C:\Users\82105\Desktop\git\Cipher-Chat\client_dll\x64\Debug\vc120.pdb'에서 찾을 수 없습니다. 디버그 정보가 없는 것처럼 개체를 링크합니다.
libLEA.lib(lea_t_avx2_xop.obj) : warning LNK4099: 'vc120.pdb' PDB를 'libLEA.lib(lea_t_avx2_xop.obj)' 또는 'C:\Users\82105\Desktop\git\Cipher-Chat\client_dll\x64\Debug\vc120.pdb'에서 찾을 수 없습니다. 디버그 정보가 없는 것처럼 개체를 링크합니다.
libLEA.lib(lea_t_xop.obj) : warning LNK4099: 'vc120.pdb' PDB를 'libLEA.lib(lea_t_xop.obj)' 또는 'C:\Users\82105\Desktop\git\Cipher-Chat\client_dll\x64\Debug\vc120.pdb'에서 찾을 수 없습니다. 디버그 정보가 없는 것처럼 개체를 링크합니다.
libLEA.lib(lea_gcm_pclmul.obj) : warning LNK4099: 'vc120.pdb' PDB를 'libLEA.lib(lea_gcm_pclmul.obj)' 또는 'C:\Users\82105\Desktop\git\Cipher-Chat\client_dll\x64\Debug\vc120.pdb'에서 찾을 수 없습니다. 디버그 정보가 없는 것처럼 개체를 링크합니다.
libLEA.lib(lea_gcm_generic.obj) : warning LNK4099: 'vc120.pdb' PDB를 'libLEA.lib(lea_gcm_generic.obj)' 또는 'C:\Users\82105\Desktop\git\Cipher-Chat\client_dll\x64\Debug\vc120.pdb'에서 찾을 수 없습니다. 디버그 정보가 없는 것처럼 개체를 링크합니다.
libLEA.lib(cpu_info_ia32.obj) : warning LNK4099: 'vc120.pdb' PDB를 'libLEA.lib(cpu_info_ia32.obj)' 또는 'C:\Users\82105\Desktop\git\Cipher-Chat\client_dll\x64\Debug\vc120.pdb'에서 찾을 수 없습니다. 디버그 정보가 없는 것처럼 개체를 링크합니다.
libLEA.lib(lea_core.obj) : warning LNK4099: 'vc120.pdb' PDB를 'libLEA.lib(lea_core.obj)' 또는 'C:\Users\82105\Desktop\git\Cipher-Chat\client_dll\x64\Debug\vc120.pdb'에서 찾을 수 없습니다. 디버그 정보가 없는 것처럼 개체를 링크합니다.
libLEA.lib(lea_core_xop.obj) : warning LNK4099: 'vc120.pdb' PDB를 'libLEA.lib(lea_core_xop.obj)' 또는 'C:\Users\82105\Desktop\git\Cipher-Chat\client_dll\x64\Debug\vc120.pdb'에서 찾을 수 없습니다. 디버그 정보가 없는 것처럼 개체를 링크합니다.
  client_dll.vcxproj -> C:\Users\82105\Desktop\git\Cipher-Chat\client_dll\x64\Debug\client_dll.dll
